[ 2019-07-31T14:04:12+08:00 ] 192.168.1.151 /Home/Index/userDetails?from=1&user_token=user_token
INFO: [ app_init ] --START--
INFO: Run Behavior\BuildLiteBehavior [ RunTime:0.000058s ]
INFO: [ app_init ] --END-- [ RunTime:0.001626s ]
INFO: [ app_begin ] --START--
INFO: Run Behavior\ReadHtmlCacheBehavior [ RunTime:0.001007s ]
INFO: [ app_begin ] --END-- [ RunTime:0.001104s ]
SQL: SHOW COLUMNS FROM `personal` [ RunTime:0.0268s ]
NOTIC: [8] Undefined index: user_name /Applications/MxSrvs/www/test2/Application/Home/Controller/IndexController.class.php 第 77 行.
SQL: SELECT COUNT(*) AS tp_count FROM `personal` WHERE `user_name` = null LIMIT 1   [ RunTime:0.0054s ]

[ 2019-07-31T14:04:35+08:00 ] 192.168.1.151 /Home/Index/userDetails?from=1&user_token=user_token
INFO: [ app_init ] --START--
INFO: Run Behavior\BuildLiteBehavior [ RunTime:0.000045s ]
INFO: [ app_init ] --END-- [ RunTime:0.000528s ]
INFO: [ app_begin ] --START--
INFO: Run Behavior\ReadHtmlCacheBehavior [ RunTime:0.000831s ]
INFO: [ app_begin ] --END-- [ RunTime:0.000982s ]
SQL: SHOW COLUMNS FROM `personal` [ RunTime:0.0010s ]
NOTIC: [8] Undefined index: user_name /Applications/MxSrvs/www/test2/Application/Home/Controller/IndexController.class.php 第 77 行.
SQL: SELECT COUNT(*) AS tp_count FROM `personal` WHERE `user_name` = null LIMIT 1   [ RunTime:0.0005s ]

[ 2019-07-31T14:04:46+08:00 ] 192.168.1.151 /Home/Index/userDetails?from=1&user_token=user_token
INFO: [ app_init ] --START--
INFO: Run Behavior\BuildLiteBehavior [ RunTime:0.000043s ]
INFO: [ app_init ] --END-- [ RunTime:0.000582s ]
INFO: [ app_begin ] --START--
INFO: Run Behavior\ReadHtmlCacheBehavior [ RunTime:0.000477s ]
INFO: [ app_begin ] --END-- [ RunTime:0.000570s ]
SQL: SHOW COLUMNS FROM `personal` [ RunTime:0.0015s ]
NOTIC: [8] Undefined index: user_name /Applications/MxSrvs/www/test2/Application/Home/Controller/IndexController.class.php 第 77 行.
SQL: SELECT COUNT(*) AS tp_count FROM `personal` WHERE `user_name` = null LIMIT 1   [ RunTime:0.0004s ]

[ 2019-07-31T14:04:51+08:00 ] 192.168.1.151 /Home/Index/userDetails?from=1&user_token=user_token
INFO: [ app_init ] --START--
INFO: Run Behavior\BuildLiteBehavior [ RunTime:0.000052s ]
INFO: [ app_init ] --END-- [ RunTime:0.000882s ]
INFO: [ app_begin ] --START--
INFO: Run Behavior\ReadHtmlCacheBehavior [ RunTime:0.000557s ]
INFO: [ app_begin ] --END-- [ RunTime:0.000699s ]
SQL: SHOW COLUMNS FROM `personal` [ RunTime:0.0009s ]
NOTIC: [8] Undefined index: user_name /Applications/MxSrvs/www/test2/Application/Home/Controller/IndexController.class.php 第 77 行.
SQL: SELECT COUNT(*) AS tp_count FROM `personal` WHERE `user_name` = null LIMIT 1   [ RunTime:0.0004s ]

[ 2019-07-31T14:05:42+08:00 ] 192.168.1.151 /Home/Index/userDetails?from=1&user_token=user_token
INFO: [ app_init ] --START--
INFO: Run Behavior\BuildLiteBehavior [ RunTime:0.000052s ]
INFO: [ app_init ] --END-- [ RunTime:0.000656s ]
INFO: [ app_begin ] --START--
INFO: Run Behavior\ReadHtmlCacheBehavior [ RunTime:0.000599s ]
INFO: [ app_begin ] --END-- [ RunTime:0.003051s ]
SQL: SHOW COLUMNS FROM `personal` [ RunTime:0.0010s ]
NOTIC: [8] Undefined index: user_name /Applications/MxSrvs/www/test2/Application/Home/Controller/IndexController.class.php 第 77 行.
SQL: SELECT COUNT(*) AS tp_count FROM `personal` WHERE `user_name` = null LIMIT 1   [ RunTime:0.0005s ]

[ 2019-07-31T14:10:34+08:00 ] 192.168.1.151 /Home/Index/userDetails?from=1&user_token=user_token
INFO: [ app_init ] --START--
INFO: Run Behavior\BuildLiteBehavior [ RunTime:0.000030s ]
INFO: [ app_init ] --END-- [ RunTime:0.000518s ]
INFO: [ app_begin ] --START--
INFO: Run Behavior\ReadHtmlCacheBehavior [ RunTime:0.000492s ]
INFO: [ app_begin ] --END-- [ RunTime:0.000554s ]
SQL: SHOW COLUMNS FROM `personal` [ RunTime:0.0010s ]
NOTIC: [8] Undefined index: user_name /Applications/MxSrvs/www/test2/Application/Home/Controller/IndexController.class.php 第 77 行.
SQL: SELECT COUNT(*) AS tp_count FROM `personal` WHERE `user_name` = null LIMIT 1   [ RunTime:0.0005s ]

[ 2019-07-31T14:10:41+08:00 ] 192.168.1.151 /Home/Index/userDetails?from=1&user_token=user_token
INFO: [ app_init ] --START--
INFO: Run Behavior\BuildLiteBehavior [ RunTime:0.000028s ]
INFO: [ app_init ] --END-- [ RunTime:0.000338s ]
INFO: [ app_begin ] --START--
INFO: Run Behavior\ReadHtmlCacheBehavior [ RunTime:0.000294s ]
INFO: [ app_begin ] --END-- [ RunTime:0.000346s ]
SQL: SHOW COLUMNS FROM `personal` [ RunTime:0.0009s ]
NOTIC: [8] Undefined index: user_name /Applications/MxSrvs/www/test2/Application/Home/Controller/IndexController.class.php 第 77 行.
SQL: SELECT COUNT(*) AS tp_count FROM `personal` WHERE `user_name` = null LIMIT 1   [ RunTime:0.0004s ]

[ 2019-07-31T14:10:48+08:00 ] 192.168.1.151 /Home/Index/userDetails?from=1&user_token=user_token
INFO: [ app_init ] --START--
INFO: Run Behavior\BuildLiteBehavior [ RunTime:0.000040s ]
INFO: [ app_init ] --END-- [ RunTime:0.000455s ]
INFO: [ app_begin ] --START--
INFO: Run Behavior\ReadHtmlCacheBehavior [ RunTime:0.000491s ]
INFO: [ app_begin ] --END-- [ RunTime:0.000835s ]
SQL: SHOW COLUMNS FROM `personal` [ RunTime:0.0010s ]
NOTIC: [8] Undefined index: user_name /Applications/MxSrvs/www/test2/Application/Home/Controller/IndexController.class.php 第 77 行.
SQL: SELECT COUNT(*) AS tp_count FROM `personal` WHERE `user_name` = null LIMIT 1   [ RunTime:0.0005s ]

[ 2019-07-31T14:10:53+08:00 ] 192.168.1.151 /Home/Index/userDetails?from=1&user_token=user_token
INFO: [ app_init ] --START--
INFO: Run Behavior\BuildLiteBehavior [ RunTime:0.000028s ]
INFO: [ app_init ] --END-- [ RunTime:0.000336s ]
INFO: [ app_begin ] --START--
INFO: Run Behavior\ReadHtmlCacheBehavior [ RunTime:0.000499s ]
INFO: [ app_begin ] --END-- [ RunTime:0.000696s ]
SQL: SHOW COLUMNS FROM `personal` [ RunTime:0.0011s ]
NOTIC: [8] Undefined index: user_name /Applications/MxSrvs/www/test2/Application/Home/Controller/IndexController.class.php 第 77 行.
SQL: SELECT COUNT(*) AS tp_count FROM `personal` WHERE `user_name` = null LIMIT 1   [ RunTime:0.0005s ]

[ 2019-07-31T14:12:39+08:00 ] 192.168.1.151 /Home/Index/userDetails?from=1&user_token=user_token
INFO: [ app_init ] --START--
INFO: Run Behavior\BuildLiteBehavior [ RunTime:0.000046s ]
INFO: [ app_init ] --END-- [ RunTime:0.000934s ]
INFO: [ app_begin ] --START--
INFO: Run Behavior\ReadHtmlCacheBehavior [ RunTime:0.000911s ]
INFO: [ app_begin ] --END-- [ RunTime:0.001008s ]
SQL: SHOW COLUMNS FROM `personal` [ RunTime:0.0006s ]
NOTIC: [8] Undefined index: user_name /Applications/MxSrvs/www/test2/Application/Home/Controller/IndexController.class.php 第 77 行.
SQL: SELECT COUNT(*) AS tp_count FROM `personal` WHERE `user_name` = null LIMIT 1   [ RunTime:0.0002s ]

[ 2019-07-31T14:12:51+08:00 ] 192.168.1.151 /Home/Index/userDetails?from=1&user_token=user_token
INFO: [ app_init ] --START--
INFO: Run Behavior\BuildLiteBehavior [ RunTime:0.000029s ]
INFO: [ app_init ] --END-- [ RunTime:0.000372s ]
INFO: [ app_begin ] --START--
INFO: Run Behavior\ReadHtmlCacheBehavior [ RunTime:0.000331s ]
INFO: [ app_begin ] --END-- [ RunTime:0.000393s ]
SQL: SHOW COLUMNS FROM `personal` [ RunTime:0.0009s ]
NOTIC: [8] Undefined index: user_name /Applications/MxSrvs/www/test2/Application/Home/Controller/IndexController.class.php 第 77 行.
SQL: SELECT COUNT(*) AS tp_count FROM `personal` WHERE `user_name` = null LIMIT 1   [ RunTime:0.0004s ]

[ 2019-07-31T14:13:21+08:00 ] 192.168.1.151 /Home/index/login?from=1&user_token=user_token&user_name=admin&password=111&type=account
INFO: [ app_init ] --START--
INFO: Run Behavior\BuildLiteBehavior [ RunTime:0.000038s ]
INFO: [ app_init ] --END-- [ RunTime:0.000667s ]
INFO: [ app_begin ] --START--
INFO: Run Behavior\ReadHtmlCacheBehavior [ RunTime:0.000597s ]
INFO: [ app_begin ] --END-- [ RunTime:0.000666s ]
SQL: SHOW COLUMNS FROM `personal` [ RunTime:0.0007s ]
SQL: SELECT COUNT(*) AS tp_count FROM `personal` WHERE `user_name` = 'admin' LIMIT 1   [ RunTime:0.0003s ]
SQL: SELECT * FROM `personal` WHERE `user_name` = 'admin' LIMIT 1   [ RunTime:0.0003s ]

[ 2019-07-31T14:14:31+08:00 ] 192.168.1.151 /Home/index/login?from=1&user_token=user_token&user_name=admin&password=1234&type=account
INFO: [ app_init ] --START--
INFO: Run Behavior\BuildLiteBehavior [ RunTime:0.000067s ]
INFO: [ app_init ] --END-- [ RunTime:0.001601s ]
INFO: [ app_begin ] --START--
INFO: Run Behavior\ReadHtmlCacheBehavior [ RunTime:0.001095s ]
INFO: [ app_begin ] --END-- [ RunTime:0.001197s ]
SQL: SHOW COLUMNS FROM `personal` [ RunTime:0.0071s ]
NOTIC: [8] Undefined index: user_name /Applications/MxSrvs/www/test2/Application/Home/Controller/IndexController.class.php 第 49 行.
NOTIC: [8] Undefined index: password /Applications/MxSrvs/www/test2/Application/Home/Controller/IndexController.class.php 第 50 行.
SQL: SELECT COUNT(*) AS tp_count FROM `personal` WHERE `user_name` = null LIMIT 1   [ RunTime:0.0006s ]

[ 2019-07-31T14:15:39+08:00 ] 192.168.1.151 /Home/index/login?from=1&user_token=user_token&user_name=admin&password=123456&type=account
INFO: [ app_init ] --START--
INFO: Run Behavior\BuildLiteBehavior [ RunTime:0.000047s ]
INFO: [ app_init ] --END-- [ RunTime:0.001324s ]
INFO: [ app_begin ] --START--
INFO: Run Behavior\ReadHtmlCacheBehavior [ RunTime:0.003334s ]
INFO: [ app_begin ] --END-- [ RunTime:0.003418s ]
SQL: SHOW COLUMNS FROM `personal` [ RunTime:0.0014s ]
NOTIC: [8] Undefined index: user_name /Applications/MxSrvs/www/test2/Application/Home/Controller/IndexController.class.php 第 49 行.
NOTIC: [8] Undefined index: password /Applications/MxSrvs/www/test2/Application/Home/Controller/IndexController.class.php 第 50 行.
SQL: SELECT COUNT(*) AS tp_count FROM `personal` WHERE `user_name` = null LIMIT 1   [ RunTime:0.0008s ]

[ 2019-07-31T14:15:59+08:00 ] 192.168.1.151 /Home/index/login?from=1&user_token=user_token&user_name=admin&password=123456&type=account
INFO: [ app_init ] --START--
INFO: Run Behavior\BuildLiteBehavior [ RunTime:0.000028s ]
INFO: [ app_init ] --END-- [ RunTime:0.000319s ]
INFO: [ app_begin ] --START--
INFO: Run Behavior\ReadHtmlCacheBehavior [ RunTime:0.000359s ]
INFO: [ app_begin ] --END-- [ RunTime:0.000423s ]
SQL: SHOW COLUMNS FROM `personal` [ RunTime:0.0014s ]
NOTIC: [8] Undefined index: user_name /Applications/MxSrvs/www/test2/Application/Home/Controller/IndexController.class.php 第 49 行.
NOTIC: [8] Undefined index: password /Applications/MxSrvs/www/test2/Application/Home/Controller/IndexController.class.php 第 50 行.
SQL: SELECT COUNT(*) AS tp_count FROM `personal` WHERE `user_name` = null LIMIT 1   [ RunTime:0.0007s ]

[ 2019-07-31T14:16:27+08:00 ] 192.168.1.151 /Home/index/login?from=1&user_token=user_token
INFO: [ app_init ] --START--
INFO: Run Behavior\BuildLiteBehavior [ RunTime:0.000113s ]
INFO: [ app_init ] --END-- [ RunTime:0.001474s ]
INFO: [ app_begin ] --START--
INFO: Run Behavior\ReadHtmlCacheBehavior [ RunTime:0.000525s ]
INFO: [ app_begin ] --END-- [ RunTime:0.000590s ]
SQL: SHOW COLUMNS FROM `personal` [ RunTime:0.0006s ]
SQL: SELECT COUNT(*) AS tp_count FROM `personal` WHERE `user_name` = 'admin' LIMIT 1   [ RunTime:0.0002s ]
SQL: SELECT * FROM `personal` WHERE `user_name` = 'admin' LIMIT 1   [ RunTime:0.0009s ]

[ 2019-07-31T14:16:33+08:00 ] 192.168.1.151 /Home/index/login?from=1&user_token=user_token
INFO: [ app_init ] --START--
INFO: Run Behavior\BuildLiteBehavior [ RunTime:0.000045s ]
INFO: [ app_init ] --END-- [ RunTime:0.000558s ]
INFO: [ app_begin ] --START--
INFO: Run Behavior\ReadHtmlCacheBehavior [ RunTime:0.000624s ]
INFO: [ app_begin ] --END-- [ RunTime:0.000727s ]
SQL: SHOW COLUMNS FROM `personal` [ RunTime:0.0010s ]
SQL: SELECT COUNT(*) AS tp_count FROM `personal` WHERE `user_name` = 'admin' LIMIT 1   [ RunTime:0.0015s ]
SQL: SELECT * FROM `personal` WHERE `user_name` = 'admin' LIMIT 1   [ RunTime:0.0009s ]

[ 2019-07-31T14:17:07+08:00 ] 192.168.1.151 /Home/index/login?from=1&user_token=user_token
INFO: [ app_init ] --START--
INFO: Run Behavior\BuildLiteBehavior [ RunTime:0.000042s ]
INFO: [ app_init ] --END-- [ RunTime:0.000507s ]
INFO: [ app_begin ] --START--
INFO: Run Behavior\ReadHtmlCacheBehavior [ RunTime:0.000684s ]
INFO: [ app_begin ] --END-- [ RunTime:0.001272s ]
SQL: SHOW COLUMNS FROM `personal` [ RunTime:0.0012s ]
SQL: SELECT COUNT(*) AS tp_count FROM `personal` WHERE `user_name` = 'admin' LIMIT 1   [ RunTime:0.0004s ]
SQL: SELECT * FROM `personal` WHERE `user_name` = 'admin' LIMIT 1   [ RunTime:0.0004s ]

[ 2019-07-31T14:17:08+08:00 ] 192.168.1.151 /Home/Index/userDetails?from=1&user_token=user_token&user_name=admin
INFO: [ app_init ] --START--
INFO: Run Behavior\BuildLiteBehavior [ RunTime:0.000047s ]
INFO: [ app_init ] --END-- [ RunTime:0.000657s ]
INFO: [ app_begin ] --START--
INFO: Run Behavior\ReadHtmlCacheBehavior [ RunTime:0.000568s ]
INFO: [ app_begin ] --END-- [ RunTime:0.000730s ]
SQL: SHOW COLUMNS FROM `personal` [ RunTime:0.0006s ]
SQL: SELECT COUNT(*) AS tp_count FROM `personal` WHERE `user_name` = 'admin' LIMIT 1   [ RunTime:0.0003s ]
SQL: SELECT * FROM `personal` WHERE `user_name` = 'admin' LIMIT 1   [ RunTime:0.0004s ]

