[ 2019-07-26T08:35:06+08:00 ] 192.168.1.151 /favicon.ico
INFO: [ app_init ] --START--
INFO: Run Behavior\BuildLiteBehavior [ RunTime:0.000039s ]
INFO: [ app_init ] --END-- [ RunTime:0.000493s ]
ERR: 无法加载模块:Favicon

[ 2019-07-26T14:06:49+08:00 ] 192.168.1.151 /api/currentUser?from=1&user_token=user_token
INFO: [ app_init ] --START--
INFO: Run Behavior\BuildLiteBehavior [ RunTime:0.000026s ]
INFO: [ app_init ] --END-- [ RunTime:0.000310s ]
ERR: 无法加载模块:Api

[ 2019-07-26T14:20:04+08:00 ] 192.168.1.151 /api/login/account?from=1&user_token=user_token
INFO: [ app_init ] --START--
INFO: Run Behavior\BuildLiteBehavior [ RunTime:0.000026s ]
INFO: [ app_init ] --END-- [ RunTime:0.000312s ]
ERR: 无法加载模块:Api

[ 2019-07-26T15:07:49+08:00 ] 192.168.1.151 /api/currentUser?from=1&user_token=user_token
INFO: [ app_init ] --START--
INFO: Run Behavior\BuildLiteBehavior [ RunTime:0.000036s ]
INFO: [ app_init ] --END-- [ RunTime:0.000480s ]
ERR: 无法加载模块:Api

[ 2019-07-26T15:08:19+08:00 ] 192.168.1.151 /api/currentUser?from=1&user_token=user_token
INFO: [ app_init ] --START--
INFO: Run Behavior\BuildLiteBehavior [ RunTime:0.000018s ]
INFO: [ app_init ] --END-- [ RunTime:0.000453s ]
ERR: 无法加载模块:Api

[ 2019-07-26T15:09:06+08:00 ] 192.168.1.151 /api/currentUser?from=1&user_token=user_token
INFO: [ app_init ] --START--
INFO: Run Behavior\BuildLiteBehavior [ RunTime:0.000026s ]
INFO: [ app_init ] --END-- [ RunTime:0.001182s ]
ERR: 无法加载模块:Api

